<?xml version="1.0" encoding="UTF-8"?>
<Site BuildName="(empty)"
	BuildStamp="20230913-1936-Experimental"
	Name="(empty)"
	Generator="ctest-3.22.1"
	CompilerName=""
	CompilerVersion=""
	OSName="Linux"
	Hostname="VB"
	OSRelease="6.2.0-32-generic"
	OSVersion="#32~22.04.1-Ubuntu SMP PREEMPT_DYNAMIC Fri Aug 18 10:40:13 UTC 2"
	OSPlatform="x86_64"
	Is64Bits="1"
	VendorString="GenuineIntel"
	VendorID="Intel Corporation"
	FamilyID="6"
	ModelID="165"
	ProcessorCacheSize="8192"
	NumberOfLogicalCPU="1"
	NumberOfPhysicalCPU="1"
	TotalVirtualMemory="2239"
	TotalPhysicalMemory="7551"
	LogicalProcessorsPerPhysical="1"
	ProcessorClockFrequency="2496.03"
	>
	<Testing>
		<StartDateTime>Sep 13 23:08 MSK</StartDateTime>
		<StartTestTime>1694635733</StartTestTime>
		<TestList>
			<Test>./BASIC</Test>
		</TestList>
		<Test Status="failed">
			<Name>BASIC</Name>
			<Path>.</Path>
			<FullName>./BASIC</FullName>
			<FullCommandLine>/home/giovanni/OOP/Laba1/build/tests01</FullCommandLine>
			<Results>
				<NamedMeasurement type="text/string" name="Exit Code">
					<Value>Failed</Value>
				</NamedMeasurement>
				<NamedMeasurement type="text/string" name="Exit Value">
					<Value>1</Value>
				</NamedMeasurement>
				<NamedMeasurement type="numeric/double" name="Execution Time">
					<Value>0.0250195</Value>
				</NamedMeasurement>
				<NamedMeasurement type="numeric/double" name="Processors">
					<Value>1</Value>
				</NamedMeasurement>
				<NamedMeasurement type="text/string" name="Completion Status">
					<Value>Completed</Value>
				</NamedMeasurement>
				<NamedMeasurement type="text/string" name="Command Line">
					<Value>/home/giovanni/OOP/Laba1/build/tests01</Value>
				</NamedMeasurement>
				<NamedMeasurement type="text/string" name="Environment">
					<Value>#CTEST_RESOURCE_GROUP_COUNT=</Value>
				</NamedMeasurement>
				<Measurement>
					<Value encoding="base64" compression="gzip">eJyV1M9vgjAUB/B7/4oXT5oMEH8AIfFgMl2WmWnU7UKMKVhdk9oSKLo/fxWcmQRmeRco+dJ+Xg8vGN1qA8uMc8oP4IEkqUxhn4jjdQFpRtXTRIFxqw28MBFiVgQIP9FE8CPhKkykkcWlsF3k8k0vb9uujQJYfrxDXpvfj2aIUxpt85XaSGWKmr/VZqDdhWPaeXhekQMpJGYd9Cjeq+L1NHjljCav14zXr+L1NXjljCav34w3qOINNHjljCZv0Iw3rOINNXjljCZv2IznVPEcDV45o8lzmvHcKp6rwStnNHluM55XxfPKPOtLHIl1oOKE1dyz5vOFNcMhtq18+qkhE8WxP3B8mGLKsoSgT8wyAmLvA01jzCjfqSPbLcO27VYHRiPYY5YSBDCOZIaZf11PvmMSSbLzQSYZQZdrmY5fZ5PnepvmtXj/XUvdcJYEJ8ZOnDkK/g7/+qEPCebm/UmqhcV4tSpacIs/zfvGCu0TMJqq3iEkTJx9nd4RUv9eQ+vJao1+AIJw9u0=</Value>
				</Measurement>
			</Results>
		</Test>
		<EndDateTime>Sep 13 23:08 MSK</EndDateTime>
		<EndTestTime>1694635733</EndTestTime>
		<ElapsedMinutes>0</ElapsedMinutes>
	</Testing>
</Site>
